<?xml version="1.0" encoding="UTF-8"?>
<!-- Generated by org.testng.reporters.JUnitReportReporter -->
<testsuite hostname="EPINPUNW0027" name="CucumberTestrunner.TestRunner" tests="1" failures="0" timestamp="6 Feb 2018 09:05:46 GMT" time="5.428" errors="0">
  <testcase name="feature" time="5.428" classname="CucumberTestrunner.TestRunner"/>
</testsuite> <!-- CucumberTestrunner.TestRunner -->
