<?xml version="1.0" encoding="UTF-8"?>
<!-- Generated by org.testng.reporters.JUnitReportReporter -->
<testsuite hostname="EPINPUNW0027" name="TestRunner.TestRunner" tests="1" failures="0" timestamp="16 Feb 2018 08:57:33 GMT" time="0.005" errors="0">
  <testcase name="feature" time="0.005" classname="TestRunner.TestRunner"/>
</testsuite> <!-- TestRunner.TestRunner -->
