<?xml version="1.0" encoding="UTF-8"?>
<!-- Generated by org.testng.reporters.JUnitReportReporter -->
<testsuite hostname="EPINPUNW0027" name="CucumberTestrunner.TestRunner" tests="1" failures="0" timestamp="16 Feb 2018 09:10:21 GMT" time="0.002" errors="0">
  <testcase name="feature" time="0.002" classname="CucumberTestrunner.TestRunner"/>
</testsuite> <!-- CucumberTestrunner.TestRunner -->
